<?xml version="1.0" encoding="UTF-8"?>
<!-- Generated by org.testng.reporters.JUnitReportReporter -->
<testsuite hostname="Mazen-Youssef" failures="0" tests="1" name="TestCases.Register" time="77.844" errors="0" timestamp="2023-02-20T00:55:17 EET" skipped="0">
  <testcase classname="TestCases.Register" name="register" time="77.844"/>
  <system-out/>
</testsuite> <!-- TestCases.Register -->
