<?xml version="1.0" encoding="UTF-8"?>
<!-- Generated by org.testng.reporters.JUnitReportReporter -->
<testsuite hostname="Mazen-Youssef" failures="0" tests="1" name="TestCases.Add_to_cart" time="67.934" errors="0" timestamp="2023-02-20T00:55:17 EET" skipped="0">
  <testcase classname="TestCases.Add_to_cart" name="Add_To_Cart" time="67.934"/>
  <system-out/>
</testsuite> <!-- TestCases.Add_to_cart -->
