<?xml version="1.0" encoding="UTF-8"?>
<!-- Generated by org.testng.reporters.JUnitReportReporter -->
<testsuite hostname="Mazen-Youssef" failures="0" tests="1" name="TestCases.Login" time="28.693" errors="0" timestamp="2023-02-19T18:02:33 EET" skipped="0">
  <testcase classname="TestCases.Login" name="login" time="28.693"/>
  <system-out/>
</testsuite> <!-- TestCases.Login -->
